<?xml version="1.0" encoding="UTF-8"?>
<!-- Generated by org.testng.reporters.JUnitReportReporter -->
<testsuite hostname="SC1MVPXWPAE0204" failures="0" tests="1" name="com.miniProject.testClasses.Flipkart" time="20.944" errors="0" timestamp="2024-03-23T12:27:18 GMT+05:30" skipped="0">
  <testcase classname="com.miniProject.testClasses.Flipkart" name="login" time="20.944"/>
  <system-out/>
</testsuite> <!-- com.miniProject.testClasses.Flipkart -->
